<?xml version="1.0" encoding="UTF-8"?>
<testng-results skipped="0" failed="0" ignored="0" total="1" passed="1">
  <reporter-output>
  </reporter-output>
  <suite name="Default suite" duration-ms="64570" started-at="2018-08-17T11:06:25Z" finished-at="2018-08-17T11:07:29Z">
    <groups>
    </groups>
    <test name="Default test" duration-ms="64570" started-at="2018-08-17T11:06:25Z" finished-at="2018-08-17T11:07:29Z">
      <class name="SeleniumPrac.HomePage">
        <test-method status="PASS" signature="basePageNavigation()[pri:0, instance:SeleniumPrac.HomePage@61832929]" name="basePageNavigation" duration-ms="64487" started-at="2018-08-17T11:06:25Z" finished-at="2018-08-17T11:07:29Z">
          <reporter-output>
          </reporter-output>
        </test-method> <!-- basePageNavigation -->
      </class> <!-- SeleniumPrac.HomePage -->
    </test> <!-- Default test -->
  </suite> <!-- Default suite -->
</testng-results>
