<?xml version="1.0" encoding="UTF-8"?>
<testng-results skipped="0" failed="0" ignored="0" total="0" passed="0">
  <reporter-output>
  </reporter-output>
  <suite name="SeleniumPrac.AppTest" duration-ms="13" started-at="2018-08-17T05:52:17Z" finished-at="2018-08-17T05:52:17Z">
    <groups>
    </groups>
    <test name="Command line test" duration-ms="13" started-at="2018-08-17T05:52:17Z" finished-at="2018-08-17T05:52:17Z">
    </test> <!-- Command line test -->
  </suite> <!-- SeleniumPrac.AppTest -->
</testng-results>
